RedBlackSOR_mpi.c: In function 'main':
RedBlackSOR_mpi.c:107:10: warning: assignment from incompatible pointer type
   U_start=&(U[0][0]);
          ^
RedBlackSOR_mpi.c:395:12: warning: assignment from incompatible pointer type
    U_start = &(U[0][0]);
            ^
RedBlackSOR_mpi.c:28:13: warning: unused variable 'status' [-Wunused-variable]
  MPI_Status status;
             ^
RedBlackSOR_mpi.c:18:50: warning: unused variable 'tcvf' [-Wunused-variable]
  struct timeval tts,ttf,tcs1,tcf1,tcs2,tcf2,tcvs,tcvf;   //Timers: total-> tts,ttf, computation -> tcs,tcf
                                                  ^
RedBlackSOR_mpi.c:18:45: warning: unused variable 'tcvs' [-Wunused-variable]
  struct timeval tts,ttf,tcs1,tcf1,tcs2,tcf2,tcvs,tcvf;   //Timers: total-> tts,ttf, computation -> tcs,tcf
                                             ^
RedBlackSOR_mpi.c:14:25: warning: unused variable 'converged' [-Wunused-variable]
  int global_converged=0,converged=0; //flags for convergence, global and per process
                         ^
RedBlackSOR_mpi.c:14:6: warning: unused variable 'global_converged' [-Wunused-variable]
  int global_converged=0,converged=0; //flags for convergence, global and per process
      ^
RedBlackSOR_mpi.c:407:4: warning: 'scattercounts' may be used uninitialized in this function [-Wmaybe-uninitialized]
    MPI_Gatherv(&u_current[1][1], 1, local_block, U_start, scattercounts, scatteroffset, global_block, 0, MPI_COMM_WORLD);
    ^
RedBlackSOR_mpi.c:407:4: warning: 'scatteroffset' may be used uninitialized in this function [-Wmaybe-uninitialized]
RedBlackSOR_mpi.c:127:2: warning: 'U_start' may be used uninitialized in this function [-Wmaybe-uninitialized]
  MPI_Scatterv(U_start, scattercounts, scatteroffset, global_block, &(u_current[1][1]), 1, local_block, 0, MPI_COMM_WORLD);
  ^
RedBlackSOR_mpi.c:139:3: warning: 'U' may be used uninitialized in this function [-Wmaybe-uninitialized]
   free2d(U);
   ^
