Number of threads: 1
FW,1024,1.5275
FW_SR,1024,32,0.8359
FW_SR,1024,64,0.6782
FW_SR,1024,128,0.6274
FW_TILED,1024,32,0.7927
FW_TILED,1024,64,0.6437
FW_TILED,1024,128,0.6743
Number of threads: 1
FW,2048,12.5919
FW_SR,2048,32,6.5818
FW_SR,2048,64,5.1828
FW_SR,2048,128,4.5615
FW_TILED,2048,32,6.3099
FW_TILED,2048,64,5.0405
FW_TILED,2048,128,4.9096
Number of threads: 2
FW,1024,0.8049
FW_SR,1024,32,0.4724
FW_SR,1024,64,0.3860
FW_SR,1024,128,0.4315
FW_TILED,1024,32,0.4291
FW_TILED,1024,64,0.3400
FW_TILED,1024,128,0.4475
Number of threads: 2
FW,2048,6.1706
FW_SR,2048,32,3.5125
FW_SR,2048,64,2.7776
FW_SR,2048,128,2.6542
FW_TILED,2048,32,3.1826
FW_TILED,2048,64,2.5689
FW_TILED,2048,128,2.5733
Number of threads: 4
FW,1024,0.4714
FW_SR,1024,32,0.3322
FW_SR,1024,64,0.2971
FW_SR,1024,128,0.3752
FW_TILED,1024,32,0.2356
FW_TILED,1024,64,0.2190
FW_TILED,1024,128,0.2737
Number of threads: 4
FW,2048,3.2236
FW_SR,2048,32,2.2308
FW_SR,2048,64,1.9291
FW_SR,2048,128,2.1802
FW_TILED,2048,32,1.6701
FW_TILED,2048,64,1.3681
FW_TILED,2048,128,1.6714
Number of threads: 8
FW,1024,0.2578
FW_SR,1024,32,0.2975
FW_SR,1024,64,0.2963
FW_SR,1024,128,0.4004
FW_TILED,1024,32,0.1653
FW_TILED,1024,64,0.1368
FW_TILED,1024,128,0.2632
Number of threads: 8
FW,2048,1.8059
FW_SR,2048,32,1.8320
FW_SR,2048,64,1.6209
FW_SR,2048,128,2.1056
FW_TILED,2048,32,0.9176
FW_TILED,2048,64,0.7296
FW_TILED,2048,128,0.9811
Number of threads: 16
FW,1024,0.2610
FW_SR,1024,32,0.3669
FW_SR,1024,64,0.2888
FW_SR,1024,128,0.3905
FW_TILED,1024,32,0.1284
FW_TILED,1024,64,0.1213
FW_TILED,1024,128,0.3066
Number of threads: 16
FW,2048,1.0192
FW_SR,2048,32,1.8298
FW_SR,2048,64,1.6717
FW_SR,2048,128,2.2140
FW_TILED,2048,32,0.5275
FW_TILED,2048,64,0.6891
FW_TILED,2048,128,0.8429
Number of threads: 32
FW,1024,0.1574
FW_SR,1024,32,0.3665
FW_SR,1024,64,0.4147
FW_SR,1024,128,0.3935
FW_TILED,1024,32,0.1145
FW_TILED,1024,64,0.1289
FW_TILED,1024,128,0.2847
Number of threads: 32
FW,2048,1.0735
FW_SR,2048,32,2.8289
FW_SR,2048,64,1.7427
FW_SR,2048,128,2.2596
FW_TILED,2048,32,0.4828
FW_TILED,2048,64,0.4542
FW_TILED,2048,128,0.6752
Number of threads: 64
FW,1024,0.3761
FW_SR,1024,32,0.6243
FW_SR,1024,64,0.4758
FW_SR,1024,128,0.4027
FW_TILED,1024,32,0.1674
FW_TILED,1024,64,0.1667
FW_TILED,1024,128,0.3553
Number of threads: 64
FW,2048,0.7341
FW_SR,2048,32,3.9998
FW_SR,2048,64,2.6972
FW_SR,2048,128,2.3263
FW_TILED,2048,32,0.3709
FW_TILED,2048,64,0.4413
FW_TILED,2048,128,0.8198
