Number of threads: 1
FW,4096,106.0935
FW_SR,4096,32,54.6368
FW_TILED,4096,64,40.2315
Number of threads: 2
FW,4096,76.1926
FW_SR,4096,32,28.6152
FW_TILED,4096,64,20.8762
Number of threads: 4
FW,4096,30.9135
FW_SR,4096,32,17.2447
FW_TILED,4096,64,10.9169
Number of threads: 8
FW,4096,22.0204
FW_SR,4096,32,12.0777
FW_TILED,4096,64,5.3857
Number of threads: 16
FW,4096,22.6224
FW_SR,4096,32,11.0738
FW_TILED,4096,64,3.0768
Number of threads: 32
FW,4096,45.2689
FW_SR,4096,32,18.1962
FW_TILED,4096,64,2.8380
Number of threads: 64
FW,4096,19.5963
FW_SR,4096,32,27.1258
FW_TILED,4096,64,1.9900
