Number of threads: 1
FW_SR,4096,64,41.2128
FW_SR,4096,128,35.3764
FW_TILED,4096,128,37.3504
Number of threads: 2
FW_SR,4096,64,21.4873
FW_SR,4096,128,19.1355
FW_TILED,4096,128,19.5111
Number of threads: 4
FW_SR,4096,64,13.2847
FW_SR,4096,128,13.5330
FW_TILED,4096,128,10.1745
Number of threads: 8
FW_SR,4096,64,9.9386
FW_SR,4096,128,11.8532
FW_TILED,4096,128,5.5438
Number of threads: 16
FW_SR,4096,64,9.3833
FW_SR,4096,128,12.0926
FW_TILED,4096,128,3.7991
Number of threads: 32
FW_SR,4096,64,10.5791
FW_SR,4096,128,12.8550
FW_TILED,4096,128,3.2824
Number of threads: 64
FW_SR,4096,64,16.0927
FW_SR,4096,128,14.5325
FW_TILED,4096,128,2.6618
