Number of threads: {1}
FW,1024,2.3408
FW_SR,1024,64,1.1506
FW_TILED,1024,32,1.3077
FW,2048,20.2814
FW_SR,2048,64,9.0343
FW_TILED,2048,32,10.5285
FW,4096,159.3924
FW_SR,4096,64,72.1354
FW_TILED,4096,32,84.1935
Number of threads: {2}
FW,1024,1.1501
FW_SR,1024,64,0.6449
FW_TILED,1024,32,0.6665
FW,2048,13.4471
FW_SR,2048,64,4.7710
FW_TILED,2048,32,5.5444
FW,4096,122.5339
FW_SR,4096,64,37.0690
FW_TILED,4096,32,42.8019
Number of threads: {8}
FW,1024,0.2993
FW_SR,1024,64,0.4431
FW_TILED,1024,32,0.2001
FW,2048,4.2287
FW_SR,2048,64,2.6301
FW_TILED,2048,32,1.4648
FW,4096,122.3433
FW_SR,4096,64,16.6415
FW_TILED,4096,32,11.5337
