MT_CONF=0
Nthreads: 1  Runtime(sec): 10  Throughput(Mops/sec): 334.56
MT_CONF=0,1
Nthreads: 2  Runtime(sec): 10  Throughput(Mops/sec): 191.86
MT_CONF=0,1,2,3
Nthreads: 4  Runtime(sec): 10  Throughput(Mops/sec): 1280.34
MT_CONF=0,1,2,3,4,5,6,7
Nthreads: 8  Runtime(sec): 10  Throughput(Mops/sec): 1784.69
MT_CONF=0,1,2,3,4,5,6,7,32,33,34,35,36,37,38,39
Nthreads: 16  Runtime(sec): 10  Throughput(Mops/sec): 1764.37
MT_CONF=0,1,2,3,4,5,6,7,8,9,10,11,12,13,14,15,32,33,34,35,36,37,38,39,40,41,42,43,44,45,46,47
Nthreads: 32  Runtime(sec): 10  Throughput(Mops/sec): 2696.03
MT_CONF=0,1,2,3,4,5,6,7,8,9,10,11,12,13,14,15,16,17,18,19,20,21,22,23,24,25,26,27,28,29,30,31,32,33,34,35,36,37,38,39,40,41,42,43,44,45,46,47,48,49,50,51,52,53,54,55,56,57,58,59,60,61,62,63
Nthreads: 64  Runtime(sec): 10  Throughput(Mops/sec): 3942.68

MT_CONF=0
Nthreads: 1  Runtime(sec): 10  Throughput(Mops/sec): 336.80
MT_CONF=0,8
Nthreads: 2  Runtime(sec): 10  Throughput(Mops/sec): 668.23
MT_CONF=0,8,16,24
Nthreads: 4  Runtime(sec): 10  Throughput(Mops/sec): 1336.63
MT_CONF=0,1,8,9,16,17,24,25
Nthreads: 8  Runtime(sec): 10  Throughput(Mops/sec): 1520.79
MT_CONF=0,1,2,3,8,9,10,11,16,17,18,19,24,25,26,27
Nthreads: 16  Runtime(sec): 10  Throughput(Mops/sec): 2775.05
MT_CONF=0,1,2,3,4,5,6,7,8,9,10,11,12,13,14,15,16,17,18,19,20,21,22,23,24,25,26,27,28,29,30,31
Nthreads: 32  Runtime(sec): 10  Throughput(Mops/sec): 6302.65
MT_CONF=0,1,2,3,4,5,6,7,8,9,10,11,12,13,14,15,16,17,18,19,20,21,22,23,24,25,26,27,28,29,30,31,32,33,34,35,36,37,38,39,40,41,42,43,44,45,46,47,48,49,50,51,52,53,54,55,56,57,58,59,60,61,62,63
Nthreads: 64  Runtime(sec): 10  Throughput(Mops/sec): 3985.49
