Number of threads: 1
FW_SR_TASK,1024,64,0.6753
FW_SR_TASK,1024,128,0.6574
FW_TILED_TASK,1024,32,0.7498
FW_TILED_FLOW_GRAPH,1024,32,0.7694
FW_TILED_TASK,1024,128,0.6375
FW_TILED_FLOW_GRAPH,1024,128,0.6104
FW_SR_TASK,2048,64,5.0904
FW_SR_TASK,2048,128,4.6126
FW_TILED_TASK,2048,32,5.9336
FW_TILED_FLOW_GRAPH,2048,32,5.6451
FW_TILED_TASK,2048,128,4.7980
FW_TILED_FLOW_GRAPH,2048,128,4.6090
FW_SR_TASK,4096,64,40.3210
FW_SR_TASK,4096,128,35.6820
FW_TILED_TASK,4096,32,50.2297
FW_TILED_FLOW_GRAPH,4096,32,47.1934
FW_TILED_TASK,4096,128,35.4450
FW_TILED_FLOW_GRAPH,4096,128,35.0134
Number of threads: 2
FW_SR_TASK,1024,64,0.4352
FW_SR_TASK,1024,128,0.4889
FW_TILED_TASK,1024,32,0.4134
FW_TILED_FLOW_GRAPH,1024,32,0.5330
FW_TILED_TASK,1024,128,0.3946
FW_TILED_FLOW_GRAPH,1024,128,0.4978
FW_SR_TASK,2048,64,2.9286
FW_SR_TASK,2048,128,2.8935
FW_TILED_TASK,2048,32,3.1190
FW_TILED_FLOW_GRAPH,2048,32,4.0545
FW_TILED_TASK,2048,128,2.4745
FW_TILED_FLOW_GRAPH,2048,128,3.1937
FW_SR_TASK,4096,64,21.8314
FW_SR_TASK,4096,128,20.5807
FW_TILED_TASK,4096,32,26.0504
FW_TILED_FLOW_GRAPH,4096,32,34.0699
FW_TILED_TASK,4096,128,18.2017
FW_TILED_FLOW_GRAPH,4096,128,24.5478
Number of threads: 4
FW_SR_TASK,1024,64,0.3419
FW_SR_TASK,1024,128,0.4179
FW_TILED_TASK,1024,32,0.6193
FW_TILED_FLOW_GRAPH,1024,32,0.5089
FW_TILED_TASK,1024,128,0.3633
FW_TILED_FLOW_GRAPH,1024,128,0.4773
FW_SR_TASK,2048,64,2.3686
FW_SR_TASK,2048,128,2.5634
FW_TILED_TASK,2048,32,4.4801
FW_TILED_FLOW_GRAPH,2048,32,3.6394
FW_TILED_TASK,2048,128,2.4952
FW_TILED_FLOW_GRAPH,2048,128,2.8949
FW_SR_TASK,4096,64,15.7529
FW_SR_TASK,4096,128,15.6664
FW_TILED_TASK,4096,32,38.4809
FW_TILED_FLOW_GRAPH,4096,32,28.8326
FW_TILED_TASK,4096,128,19.4175
FW_TILED_FLOW_GRAPH,4096,128,20.1495
Number of threads: 8
FW_SR_TASK,1024,64,0.3282
FW_SR_TASK,1024,128,0.4029
FW_TILED_TASK,1024,32,0.1973
FW_TILED_FLOW_GRAPH,1024,32,0.5491
FW_TILED_TASK,1024,128,0.1765
FW_TILED_FLOW_GRAPH,1024,128,0.4666
FW_SR_TASK,2048,64,1.9483
FW_SR_TASK,2048,128,2.3140
FW_TILED_TASK,2048,32,3.1604
FW_TILED_FLOW_GRAPH,2048,32,3.5372
FW_TILED_TASK,2048,128,1.7024
FW_TILED_FLOW_GRAPH,2048,128,2.8965
FW_SR_TASK,4096,64,12.4969
FW_SR_TASK,4096,128,13.9270
FW_TILED_TASK,4096,32,33.0157
FW_TILED_FLOW_GRAPH,4096,32,28.7468
FW_TILED_TASK,4096,128,14.6014
FW_TILED_FLOW_GRAPH,4096,128,20.4240
Number of threads: 16
FW_SR_TASK,1024,64,0.3726
FW_SR_TASK,1024,128,0.3936
FW_TILED_TASK,1024,32,0.2409
FW_TILED_FLOW_GRAPH,1024,32,0.6055
FW_TILED_TASK,1024,128,0.1748
FW_TILED_FLOW_GRAPH,1024,128,0.5538
FW_SR_TASK,2048,64,2.3763
FW_SR_TASK,2048,128,2.4435
FW_TILED_TASK,2048,32,2.7303
FW_TILED_FLOW_GRAPH,2048,32,3.8223
FW_TILED_TASK,2048,128,1.2908
FW_TILED_FLOW_GRAPH,2048,128,3.0635
FW_SR_TASK,4096,64,14.5614
FW_SR_TASK,4096,128,14.6474
FW_TILED_TASK,4096,32,28.5571
FW_TILED_FLOW_GRAPH,4096,32,29.3692
FW_TILED_TASK,4096,128,10.5126
FW_TILED_FLOW_GRAPH,4096,128,20.7078
Number of threads: 32
FW_SR_TASK,1024,64,0.4307
FW_SR_TASK,1024,128,0.4653
FW_TILED_TASK,1024,32,0.3435
FW_TILED_FLOW_GRAPH,1024,32,0.6112
FW_TILED_TASK,1024,128,0.2544
FW_TILED_FLOW_GRAPH,1024,128,0.5355
FW_SR_TASK,2048,64,2.4597
FW_SR_TASK,2048,128,2.4671
FW_TILED_TASK,2048,32,3.3481
FW_TILED_FLOW_GRAPH,2048,32,4.0179
FW_TILED_TASK,2048,128,0.9512
FW_TILED_FLOW_GRAPH,2048,128,3.1538
FW_SR_TASK,4096,64,15.6794
FW_SR_TASK,4096,128,15.4914
FW_TILED_TASK,4096,32,18.6419
FW_TILED_FLOW_GRAPH,4096,32,29.1462
FW_TILED_TASK,4096,128,7.0172
FW_TILED_FLOW_GRAPH,4096,128,20.9275
Number of threads: 64
FW_SR_TASK,1024,64,0.4817
FW_SR_TASK,1024,128,0.4634
FW_TILED_TASK,1024,32,0.3693
FW_TILED_FLOW_GRAPH,1024,32,0.6341
FW_TILED_TASK,1024,128,0.3030
FW_TILED_FLOW_GRAPH,1024,128,0.5121
FW_SR_TASK,2048,64,2.8793
FW_SR_TASK,2048,128,2.6005
FW_TILED_TASK,2048,32,2.7989
FW_TILED_FLOW_GRAPH,2048,32,3.9917
FW_TILED_TASK,2048,128,0.9559
FW_TILED_FLOW_GRAPH,2048,128,3.2146
FW_SR_TASK,4096,64,16.4569
FW_SR_TASK,4096,128,15.8027
FW_TILED_TASK,4096,32,14.0602
FW_TILED_FLOW_GRAPH,4096,32,29.5787
FW_TILED_TASK,4096,128,4.7464
FW_TILED_FLOW_GRAPH,4096,128,21.0629
