Number of threads: 1
FW,1024,2.1705
FW_SR_TASK,1024,32,0.7878
FW_TILED_TASK,1024,64,0.6196
FW_TILED_FLOW_GRAPH,1024,64,0.6043
FW,2048,17.5369
FW_SR_TASK,2048,32,6.2904
FW_TILED_TASK,2048,64,4.9261
FW_TILED_FLOW_GRAPH,2048,64,4.7404
FW,4096,143.2146
FW_SR_TASK,4096,32,52.3624
FW_TILED_TASK,4096,64,40.5879
FW_TILED_FLOW_GRAPH,4096,64,37.7925
Number of threads: 2
FW,1024,1.1197
FW_SR_TASK,1024,32,0.4504
FW_TILED_TASK,1024,64,0.3439
FW_TILED_FLOW_GRAPH,1024,64,0.4823
FW,2048,8.6754
FW_SR_TASK,2048,32,3.3221
FW_TILED_TASK,2048,64,2.5424
FW_TILED_FLOW_GRAPH,2048,64,3.3979
FW,4096,83.5061
FW_SR_TASK,4096,32,26.9970
FW_TILED_TASK,4096,64,20.1043
FW_TILED_FLOW_GRAPH,4096,64,27.1011
Number of threads: 4
FW,1024,0.6355
FW_SR_TASK,1024,32,0.3428
FW_TILED_TASK,1024,64,0.3122
FW_TILED_FLOW_GRAPH,1024,64,0.4233
FW,2048,4.7337
FW_SR_TASK,2048,32,2.3812
FW_TILED_TASK,2048,64,2.7524
FW_TILED_FLOW_GRAPH,2048,64,3.0518
FW,4096,44.2499
FW_SR_TASK,4096,32,19.5521
FW_TILED_TASK,4096,64,23.1969
FW_TILED_FLOW_GRAPH,4096,64,23.3664
Number of threads: 8
FW,1024,0.3570
FW_SR_TASK,1024,32,0.3443
FW_TILED_TASK,1024,64,0.2766
FW_TILED_FLOW_GRAPH,1024,64,0.4585
FW,2048,3.2554
FW_SR_TASK,2048,32,2.0280
FW_TILED_TASK,2048,64,2.2859
FW_TILED_FLOW_GRAPH,2048,64,3.1510
FW,4096,53.4078
FW_SR_TASK,4096,32,15.2792
FW_TILED_TASK,4096,64,18.6758
FW_TILED_FLOW_GRAPH,4096,64,23.3886
Number of threads: 16
FW,1024,0.3861
FW_SR_TASK,1024,32,0.4186
FW_TILED_TASK,1024,64,0.1651
FW_TILED_FLOW_GRAPH,1024,64,0.5214
FW,2048,4.0758
FW_SR_TASK,2048,32,2.3972
FW_TILED_TASK,2048,64,1.0460
FW_TILED_FLOW_GRAPH,2048,64,3.3968
FW,4096,57.0296
FW_SR_TASK,4096,32,16.1478
FW_TILED_TASK,4096,64,13.7472
FW_TILED_FLOW_GRAPH,4096,64,23.8099
Number of threads: 32
FW,1024,0.2403
FW_SR_TASK,1024,32,0.4432
FW_TILED_TASK,1024,64,0.2082
FW_TILED_FLOW_GRAPH,1024,64,0.5051
FW,2048,1.6180
FW_SR_TASK,2048,32,2.7641
FW_TILED_TASK,2048,64,1.4489
FW_TILED_FLOW_GRAPH,2048,64,3.5698
FW,4096,48.0511
FW_SR_TASK,4096,32,17.1985
FW_TILED_TASK,4096,64,9.7491
FW_TILED_FLOW_GRAPH,4096,64,23.6796
Number of threads: 64
FW,1024,0.4148
FW_SR_TASK,1024,32,0.6082
FW_TILED_TASK,1024,64,0.2249
FW_TILED_FLOW_GRAPH,1024,64,0.5848
FW,2048,1.5794
FW_SR_TASK,2048,32,3.5851
FW_TILED_TASK,2048,64,1.0319
FW_TILED_FLOW_GRAPH,2048,64,3.5238
FW,4096,20.9175
FW_SR_TASK,4096,32,22.5060
FW_TILED_TASK,4096,64,6.1805
FW_TILED_FLOW_GRAPH,4096,64,24.2577
